<?xml version="1.0" encoding="UTF-8"?>
<testsuite xmlns:xsi="http://www.w3.org/2001/XMLSchema-instance" xsi:noNamespaceSchemaLocation="https://maven.apache.org/surefire/maven-surefire-plugin/xsd/surefire-test-report.xsd" name="runner.TestRunner" time="10.062" tests="1" errors="1" skipped="0" failures="0">
  <properties>
[...]
</properties>
  <testcase name="Add and Remove a Mac book from Cart" classname="Laptop &amp; Notebooks" time="2.473">
    <error message="Cannot invoke &quot;org.openqa.selenium.WebElement.isDisplayed()&quot; because &quot;this.clickeOnTestEnvironment&quot; is null" type="java.lang.NullPointerException">java.lang.NullPointerException: Cannot invoke "org.openqa.selenium.WebElement.isDisplayed()" because "this.clickeOnTestEnvironment" is null
</error>
    <system-out><![CDATA[
@Laptoptest
Scenario: Add and Remove a Mac book from Cart                                              # src/test/resources/feature/MacBookAddRemoveCart.feature:9
 INFO [main] (Initializer.java:18)- Scenario Add and Remove a Mac book from Cart started
  Given User is on Retail website 'Laptop Scenario'                                        # step.definitions.MacBookAddRemoveCartStepDef.user_is_on_retail_website(java.lang.String)
      java.lang.NullPointerException: Cannot invoke "org.openqa.selenium.WebElement.isDisplayed()" because "this.clickeOnTestEnvironment" is null
	at page.objects.MacBookAddRemoveCartPage.clickeOnTestEnvironment(MacBookAddRemoveCartPage.java:158)
	at step.definitions.MacBookAddRemoveCartStepDef.user_is_on_retail_website(MacBookAddRemoveCartStepDef.java:79)
	at âœ½.User is on Retail website 'Laptop Scenario'(file:///C:/Users/Administrator/eclipse-workspace/us.tekschool.sharks.capstonee/./src/test/resources/feature/MacBookAddRemoveCart.feature:5)

  When User click on Laptop &NoteBook tab                                                  # step.definitions.MacBookAddRemoveCartStepDef.user_click_on_laptop_note_book_tab()
  And User click on Show all Laptop &NoteBook option                                       # step.definitions.MacBookAddRemoveCartStepDef.user_click_on_show_all_laptop_note_book_option()
  And User click on MacBook  item                                                          # step.definitions.MacBookAddRemoveCartStepDef.user_click_on_mac_book_item()
  And User click add to Cart button for Mac Book                                           # step.definitions.MacBookAddRemoveCartStepDef.user_click_add_to_cart_button_for_mac_book()
  Then User should see a messagee 'Success: You have added MacBook to your shopping cart!' # step.definitions.MacBookAddRemoveCartStepDef.user_should_see_a_messagee(java.lang.String)
  And User should see ' 1 items' showed to the cart                                        # step.definitions.MacBookAddRemoveCartStepDef.user_should_see_showed_to_the_cart(java.lang.String)
  And User click on cart option                                                            # step.definitions.MacBookAddRemoveCartStepDef.user_click_on_cart_option()
  And user click on red X button to remove the item from cart                              # step.definitions.MacBookAddRemoveCartStepDef.user_click_on_red_x_button_to_remove_the_item_from_cart()
  Then item should be removed and cart should show ' 0 items'                              # step.definitions.MacBookAddRemoveCartStepDef.item_should_be_removed_and_cart_should_show(java.lang.String)
 INFO [main] (Initializer.java:28)- Scenario Add and Remove a Mac book from Cart FAILED
]]></system-out>
    <system-err><![CDATA[SLF4J: Failed to load class "org.slf4j.impl.StaticLoggerBinder".
SLF4J: Defaulting to no-operation (NOP) logger implementation
SLF4J: See http://www.slf4j.org/codes.html#StaticLoggerBinder for further details.
Starting ChromeDriver 103.0.5060.53 (a1711811edd74ff1cf2150f36ffa3b0dae40b17f-refs/branch-heads/5060@{#853}) on port 8790
Only local connections are allowed.
Please see https://chromedriver.chromium.org/security-considerations for suggestions on keeping ChromeDriver safe.
ChromeDriver was started successfully.
Jul 17, 2022 3:56:50 PM org.openqa.selenium.remote.ProtocolHandshake createSession
INFO: Detected dialect: W3C
]]></system-err>
  </testcase>
</testsuite>